# JRE version: OpenJDK Runtime Environment Temurin-21.0.9+10 (21.0.9+10) (build 21.0.9+10-LTS)
# Java VM: OpenJDK 64-Bit Server VM Temurin-21.0.9+10 (21.0.9+10-LTS, mixed mode, sharing, tiered, compressed oops, compressed class ptrs, parallel gc, windows-amd64)
GC Precious Log:
 CardTable entry size: 512
 CPUs: 4 total, 4 available
 Memory: 6086M
 Large Page Support: Disabled
 NUMA Support: Disabled
 Compressed Oops: Enabled (32-bit)
 Alignments: Space 512K, Generation 512K, Heap 2M
 Heap Min Capacity: 100M
 Heap Initial Capacity: 100M
 Heap Max Capacity: 2G
 Pre-touch: Disabled
 Parallel Workers: 4
Heap:
 PSYoungGen      total 3072K, used 1404K [0x00000000d5580000, 0x00000000d5a00000, 0x0000000100000000)
  eden space 2560K, 51% used [0x00000000d5580000,0x00000000d56c72b8,0x00000000d5800000)
  from space 512K, 18% used [0x00000000d5900000,0x00000000d5918000,0x00000000d5980000)
  to   space 512K, 0% used [0x00000000d5980000,0x00000000d5980000,0x00000000d5a00000)
 ParOldGen       total 1190400K, used 402869K [0x0000000080000000, 0x00000000c8a80000, 0x00000000d5580000)
  object space 1190400K, 33% used [0x0000000080000000,0x000000009896d660,0x00000000c8a80000)
 Metaspace       used 91548K, committed 93120K, reserved 1179648K
  class space    used 9180K, committed 9920K, reserved 1048576K
GC Heap History (20 events):
Event: 28635.361 GC heap before
{Heap before GC invocations=3996 (full 6):
 PSYoungGen      total 3072K, used 2688K [0x00000000d5580000, 0x00000000d5a00000, 0x0000000100000000)
  eden space 2560K, 100% used [0x00000000d5580000,0x00000000d5800000,0x00000000d5800000)
  from space 512K, 25% used [0x00000000d5900000,0x00000000d5920000,0x00000000d5980000)
  to   space 512K, 0% used [0x00000000d5980000,0x00000000d5980000,0x00000000d5a00000)
 ParOldGen       total 1190400K, used 399630K [0x0000000080000000, 0x00000000c8a80000, 0x00000000d5580000)
  object space 1190400K, 33% used [0x0000000080000000,0x0000000098643960,0x00000000c8a80000)
 Metaspace       used 91449K, committed 92928K, reserved 1179648K
  class space    used 9179K, committed 9920K, reserved 1048576K
}
Event: 28635.371 GC heap after
{Heap after GC invocations=3996 (full 6):
 PSYoungGen      total 3072K, used 480K [0x00000000d5580000, 0x00000000d5a00000, 0x0000000100000000)
  eden space 2560K, 0% used [0x00000000d5580000,0x00000000d5580000,0x00000000d5800000)
  from space 512K, 93% used [0x00000000d5980000,0x00000000d59f8020,0x00000000d5a00000)
  to   space 1024K, 0% used [0x00000000d5800000,0x00000000d5800000,0x00000000d5900000)
 ParOldGen       total 1190400K, used 399686K [0x0000000080000000, 0x00000000c8a80000, 0x00000000d5580000)
  object space 1190400K, 33% used [0x0000000080000000,0x0000000098651960,0x00000000c8a80000)
 Metaspace       used 91449K, committed 92928K, reserved 1179648K
  class space    used 9179K, committed 9920K, reserved 1048576K
}
Event: 28636.220 GC heap before
{Heap before GC invocations=3997 (full 6):
 PSYoungGen      total 3072K, used 3040K [0x00000000d5580000, 0x00000000d5a00000, 0x0000000100000000)
  eden space 2560K, 100% used [0x00000000d5580000,0x00000000d5800000,0x00000000d5800000)
  from space 512K, 93% used [0x00000000d5980000,0x00000000d59f8020,0x00000000d5a00000)
  to   space 1024K, 0% used [0x00000000d5800000,0x00000000d5800000,0x00000000d5900000)
 ParOldGen       total 1190400K, used 399686K [0x0000000080000000, 0x00000000c8a80000, 0x00000000d5580000)
  object space 1190400K, 33% used [0x0000000080000000,0x0000000098651960,0x00000000c8a80000)
 Metaspace       used 91472K, committed 92928K, reserved 1179648K
  class space    used 9179K, committed 9920K, reserved 1048576K
}
Event: 28636.228 GC heap after
{Heap after GC invocations=3997 (full 6):
 PSYoungGen      total 3584K, used 1024K [0x00000000d5580000, 0x00000000d5c00000, 0x0000000100000000)
  eden space 2560K, 0% used [0x00000000d5580000,0x00000000d5580000,0x00000000d5800000)
  from space 1024K, 100% used [0x00000000d5800000,0x00000000d5900000,0x00000000d5900000)
  to   space 2048K, 0% used [0x00000000d5a00000,0x00000000d5a00000,0x00000000d5c00000)
 ParOldGen       total 1190400K, used 400148K [0x0000000080000000, 0x00000000c8a80000, 0x00000000d5580000)
  object space 1190400K, 33% used [0x0000000080000000,0x00000000986c53d0,0x00000000c8a80000)
 Metaspace       used 91472K, committed 92928K, reserved 1179648K
  class space    used 9179K, committed 9920K, reserved 1048576K
}
Event: 28636.376 GC heap before
{Heap before GC invocations=3998 (full 6):
 PSYoungGen      total 3584K, used 3584K [0x00000000d5580000, 0x00000000d5c00000, 0x0000000100000000)
  eden space 2560K, 100% used [0x00000000d5580000,0x00000000d5800000,0x00000000d5800000)
  from space 1024K, 100% used [0x00000000d5800000,0x00000000d5900000,0x00000000d5900000)
  to   space 2048K, 0% used [0x00000000d5a00000,0x00000000d5a00000,0x00000000d5c00000)
 ParOldGen       total 1190400K, used 400148K [0x0000000080000000, 0x00000000c8a80000, 0x00000000d5580000)
  object space 1190400K, 33% used [0x0000000080000000,0x00000000986c53d0,0x00000000c8a80000)
 Metaspace       used 91476K, committed 92928K, reserved 1179648K
  class space    used 9180K, committed 9920K, reserved 1048576K
}
Event: 28636.386 GC heap after
{Heap after GC invocations=3998 (full 6):
 PSYoungGen      total 3584K, used 569K [0x00000000d5580000, 0x00000000d5b00000, 0x0000000100000000)
  eden space 2560K, 0% used [0x00000000d5580000,0x00000000d5580000,0x00000000d5800000)
  from space 1024K, 55% used [0x00000000d5a00000,0x00000000d5a8e750,0x00000000d5b00000)
  to   space 1024K, 0% used [0x00000000d5800000,0x00000000d5800000,0x00000000d5900000)
 ParOldGen       total 1190400K, used 401101K [0x0000000080000000, 0x00000000c8a80000, 0x00000000d5580000)
  object space 1190400K, 33% used [0x0000000080000000,0x00000000987b3750,0x00000000c8a80000)
 Metaspace       used 91476K, committed 92928K, reserved 1179648K
  class space    used 9180K, committed 9920K, reserved 1048576K
}
Event: 28636.451 GC heap before
{Heap before GC invocations=3999 (full 6):
 PSYoungGen      total 3584K, used 3129K [0x00000000d5580000, 0x00000000d5b00000, 0x0000000100000000)
  eden space 2560K, 100% used [0x00000000d5580000,0x00000000d5800000,0x00000000d5800000)
  from space 1024K, 55% used [0x00000000d5a00000,0x00000000d5a8e750,0x00000000d5b00000)
  to   space 1024K, 0% used [0x00000000d5800000,0x00000000d5800000,0x00000000d5900000)
 ParOldGen       total 1190400K, used 401101K [0x0000000080000000, 0x00000000c8a80000, 0x00000000d5580000)
  object space 1190400K, 33% used [0x0000000080000000,0x00000000987b3750,0x00000000c8a80000)
 Metaspace       used 91479K, committed 92992K, reserved 1179648K
  class space    used 9180K, committed 9920K, reserved 1048576K
}
Event: 28636.458 GC heap after
{Heap after GC invocations=3999 (full 6):
 PSYoungGen      total 3584K, used 448K [0x00000000d5580000, 0x00000000d5a80000, 0x0000000100000000)
  eden space 2560K, 0% used [0x00000000d5580000,0x00000000d5580000,0x00000000d5800000)
  from space 1024K, 43% used [0x00000000d5800000,0x00000000d5870000,0x00000000d5900000)
  to   space 1024K, 0% used [0x00000000d5980000,0x00000000d5980000,0x00000000d5a80000)
 ParOldGen       total 1190400K, used 401623K [0x0000000080000000, 0x00000000c8a80000, 0x00000000d5580000)
  object space 1190400K, 33% used [0x0000000080000000,0x0000000098835ea0,0x00000000c8a80000)
 Metaspace       used 91479K, committed 92992K, reserved 1179648K
  class space    used 9180K, committed 9920K, reserved 1048576K
}
Event: 28636.545 GC heap before
{Heap before GC invocations=4000 (full 6):
 PSYoungGen      total 3584K, used 3008K [0x00000000d5580000, 0x00000000d5a80000, 0x0000000100000000)
  eden space 2560K, 100% used [0x00000000d5580000,0x00000000d5800000,0x00000000d5800000)
  from space 1024K, 43% used [0x00000000d5800000,0x00000000d5870000,0x00000000d5900000)
  to   space 1024K, 0% used [0x00000000d5980000,0x00000000d5980000,0x00000000d5a80000)
 ParOldGen       total 1190400K, used 401623K [0x0000000080000000, 0x00000000c8a80000, 0x00000000d5580000)
  object space 1190400K, 33% used [0x0000000080000000,0x0000000098835ea0,0x00000000c8a80000)
 Metaspace       used 91501K, committed 93056K, reserved 1179648K
  class space    used 9180K, committed 9920K, reserved 1048576K
}
Event: 28636.551 GC heap after
{Heap after GC invocations=4000 (full 6):
 PSYoungGen      total 3072K, used 401K [0x00000000d5580000, 0x00000000d5a00000, 0x0000000100000000)
  eden space 2560K, 0% used [0x00000000d5580000,0x00000000d5580000,0x00000000d5800000)
  from space 512K, 78% used [0x00000000d5980000,0x00000000d59e46f0,0x00000000d5a00000)
  to   space 512K, 0% used [0x00000000d5900000,0x00000000d5900000,0x00000000d5980000)
 ParOldGen       total 1190400K, used 401966K [0x0000000080000000, 0x00000000c8a80000, 0x00000000d5580000)
  object space 1190400K, 33% used [0x0000000080000000,0x000000009888b990,0x00000000c8a80000)
 Metaspace       used 91501K, committed 93056K, reserved 1179648K
  class space    used 9180K, committed 9920K, reserved 1048576K
}
Event: 28636.611 GC heap before
{Heap before GC invocations=4001 (full 6):
 PSYoungGen      total 3072K, used 2961K [0x00000000d5580000, 0x00000000d5a00000, 0x0000000100000000)
  eden space 2560K, 100% used [0x00000000d5580000,0x00000000d5800000,0x00000000d5800000)
  from space 512K, 78% used [0x00000000d5980000,0x00000000d59e46f0,0x00000000d5a00000)
  to   space 512K, 0% used [0x00000000d5900000,0x00000000d5900000,0x00000000d5980000)
 ParOldGen       total 1190400K, used 401966K [0x0000000080000000, 0x00000000c8a80000, 0x00000000d5580000)
  object space 1190400K, 33% used [0x0000000080000000,0x000000009888b990,0x00000000c8a80000)
 Metaspace       used 91521K, committed 93056K, reserved 1179648K
  class space    used 9180K, committed 9920K, reserved 1048576K
}
Event: 28636.615 GC heap after
{Heap after GC invocations=4001 (full 6):
 PSYoungGen      total 3072K, used 256K [0x00000000d5580000, 0x00000000d5a00000, 0x0000000100000000)
  eden space 2560K, 0% used [0x00000000d5580000,0x00000000d5580000,0x00000000d5800000)
  from space 512K, 50% used [0x00000000d5900000,0x00000000d5940000,0x00000000d5980000)
  to   space 512K, 0% used [0x00000000d5980000,0x00000000d5980000,0x00000000d5a00000)
 ParOldGen       total 1190400K, used 402269K [0x0000000080000000, 0x00000000c8a80000, 0x00000000d5580000)
  object space 1190400K, 33% used [0x0000000080000000,0x00000000988d77c8,0x00000000c8a80000)
 Metaspace       used 91521K, committed 93056K, reserved 1179648K
  class space    used 9180K, committed 9920K, reserved 1048576K
}
Event: 28636.685 GC heap before
{Heap before GC invocations=4002 (full 6):
 PSYoungGen      total 3072K, used 2816K [0x00000000d5580000, 0x00000000d5a00000, 0x0000000100000000)
  eden space 2560K, 100% used [0x00000000d5580000,0x00000000d5800000,0x00000000d5800000)
  from space 512K, 50% used [0x00000000d5900000,0x00000000d5940000,0x00000000d5980000)
  to   space 512K, 0% used [0x00000000d5980000,0x00000000d5980000,0x00000000d5a00000)
 ParOldGen       total 1190400K, used 402269K [0x0000000080000000, 0x00000000c8a80000, 0x00000000d5580000)
  object space 1190400K, 33% used [0x0000000080000000,0x00000000988d77c8,0x00000000c8a80000)
 Metaspace       used 91540K, committed 93120K, reserved 1179648K
  class space    used 9180K, committed 9920K, reserved 1048576K
}
Event: 28636.689 GC heap after
{Heap after GC invocations=4002 (full 6):
 PSYoungGen      total 3072K, used 256K [0x00000000d5580000, 0x00000000d5a00000, 0x0000000100000000)
  eden space 2560K, 0% used [0x00000000d5580000,0x00000000d5580000,0x00000000d5800000)
  from space 512K, 50% used [0x00000000d5980000,0x00000000d59c0000,0x00000000d5a00000)
  to   space 512K, 0% used [0x00000000d5900000,0x00000000d5900000,0x00000000d5980000)
 ParOldGen       total 1190400K, used 402429K [0x0000000080000000, 0x00000000c8a80000, 0x00000000d5580000)
  object space 1190400K, 33% used [0x0000000080000000,0x00000000988ff7d8,0x00000000c8a80000)
 Metaspace       used 91540K, committed 93120K, reserved 1179648K
  class space    used 9180K, committed 9920K, reserved 1048576K
}
Event: 28636.739 GC heap before
{Heap before GC invocations=4003 (full 6):
 PSYoungGen      total 3072K, used 2816K [0x00000000d5580000, 0x00000000d5a00000, 0x0000000100000000)
  eden space 2560K, 100% used [0x00000000d5580000,0x00000000d5800000,0x00000000d5800000)
  from space 512K, 50% used [0x00000000d5980000,0x00000000d59c0000,0x00000000d5a00000)
  to   space 512K, 0% used [0x00000000d5900000,0x00000000d5900000,0x00000000d5980000)
 ParOldGen       total 1190400K, used 402429K [0x0000000080000000, 0x00000000c8a80000, 0x00000000d5580000)
  object space 1190400K, 33% used [0x0000000080000000,0x00000000988ff7d8,0x00000000c8a80000)
 Metaspace       used 91545K, committed 93120K, reserved 1179648K
  class space    used 9180K, committed 9920K, reserved 1048576K
}
Event: 28636.742 GC heap after
{Heap after GC invocations=4003 (full 6):
 PSYoungGen      total 3072K, used 289K [0x00000000d5580000, 0x00000000d5a00000, 0x0000000100000000)
  eden space 2560K, 0% used [0x00000000d5580000,0x00000000d5580000,0x00000000d5800000)
  from space 512K, 56% used [0x00000000d5900000,0x00000000d5948458,0x00000000d5980000)
  to   space 512K, 0% used [0x00000000d5980000,0x00000000d5980000,0x00000000d5a00000)
 ParOldGen       total 1190400K, used 402556K [0x0000000080000000, 0x00000000c8a80000, 0x00000000d5580000)
  object space 1190400K, 33% used [0x0000000080000000,0x000000009891f208,0x00000000c8a80000)
 Metaspace       used 91545K, committed 93120K, reserved 1179648K
  class space    used 9180K, committed 9920K, reserved 1048576K
}
Event: 44816.830 GC heap before
{Heap before GC invocations=4004 (full 6):
 PSYoungGen      total 3072K, used 2849K [0x00000000d5580000, 0x00000000d5a00000, 0x0000000100000000)
  eden space 2560K, 99% used [0x00000000d5580000,0x00000000d57ffff8,0x00000000d5800000)
  from space 512K, 56% used [0x00000000d5900000,0x00000000d5948458,0x00000000d5980000)
  to   space 512K, 0% used [0x00000000d5980000,0x00000000d5980000,0x00000000d5a00000)
 ParOldGen       total 1190400K, used 402556K [0x0000000080000000, 0x00000000c8a80000, 0x00000000d5580000)
  object space 1190400K, 33% used [0x0000000080000000,0x000000009891f208,0x00000000c8a80000)
 Metaspace       used 91548K, committed 93120K, reserved 1179648K
  class space    used 9180K, committed 9920K, reserved 1048576K
}
Event: 44816.835 GC heap after
{Heap after GC invocations=4004 (full 6):
 PSYoungGen      total 3072K, used 128K [0x00000000d5580000, 0x00000000d5a00000, 0x0000000100000000)
  eden space 2560K, 0% used [0x00000000d5580000,0x00000000d5580000,0x00000000d5800000)
  from space 512K, 25% used [0x00000000d5980000,0x00000000d59a0000,0x00000000d5a00000)
  to   space 512K, 0% used [0x00000000d5900000,0x00000000d5900000,0x00000000d5980000)
 ParOldGen       total 1190400K, used 402789K [0x0000000080000000, 0x00000000c8a80000, 0x00000000d5580000)
  object space 1190400K, 33% used [0x0000000080000000,0x0000000098959660,0x00000000c8a80000)
 Metaspace       used 91548K, committed 93120K, reserved 1179648K
  class space    used 9180K, committed 9920K, reserved 1048576K
}
Event: 45122.600 GC heap before
{Heap before GC invocations=4005 (full 6):
 PSYoungGen      total 3072K, used 2688K [0x00000000d5580000, 0x00000000d5a00000, 0x0000000100000000)
  eden space 2560K, 100% used [0x00000000d5580000,0x00000000d5800000,0x00000000d5800000)
  from space 512K, 25% used [0x00000000d5980000,0x00000000d59a0000,0x00000000d5a00000)
  to   space 512K, 0% used [0x00000000d5900000,0x00000000d5900000,0x00000000d5980000)
 ParOldGen       total 1190400K, used 402789K [0x0000000080000000, 0x00000000c8a80000, 0x00000000d5580000)
  object space 1190400K, 33% used [0x0000000080000000,0x0000000098959660,0x00000000c8a80000)
 Metaspace       used 91548K, committed 93120K, reserved 1179648K
  class space    used 9180K, committed 9920K, reserved 1048576K
}
Event: 45122.663 GC heap after
{Heap after GC invocations=4005 (full 6):
 PSYoungGen      total 3072K, used 96K [0x00000000d5580000, 0x00000000d5a00000, 0x0000000100000000)
  eden space 2560K, 0% used [0x00000000d5580000,0x00000000d5580000,0x00000000d5800000)
  from space 512K, 18% used [0x00000000d5900000,0x00000000d5918000,0x00000000d5980000)
  to   space 512K, 0% used [0x00000000d5980000,0x00000000d5980000,0x00000000d5a00000)
 ParOldGen       total 1190400K, used 402869K [0x0000000080000000, 0x00000000c8a80000, 0x00000000d5580000)
  object space 1190400K, 33% used [0x0000000080000000,0x000000009896d660,0x00000000c8a80000)
 Metaspace       used 91548K, committed 93120K, reserved 1179648K
  class space    used 9180K, committed 9920K, reserved 1048576K
}

